   0.0000000000000000      -0.70312553482109130        1.5738079280564936     
  0.12500000000000000       -1.3499999713799924       0.20501101292240112     
  0.25000000000000000       -1.0251025701094469       -1.2317178863269449     
  0.37500000000000000       -15.427436960963398       -19.519399612966406     
  0.50000000000000000      -0.29372402485455679        1.9094411820348942     
  0.62500000000000000       -1.2219562314151569       0.59111997878862588     
  0.75000000000000000       -1.2593293831642800      -0.84698061970578187     
  0.87500000000000000       0.23781989062708558       -5.5249561054585206     
   1.0000000000000000       0.37109533379503168        2.4008971067801941     
   1.1250000000000000      -0.98464874255486734       0.90938652075552717     
   1.2500000000000000       -1.3838302807115022      -0.42618207009584591     
   1.3750000000000000      -0.89627919763009556       -2.7937697828647634     
   1.5000000000000000       -2.0618735577362606       0.39730254954315003     
   1.6250000000000000      -0.67163347980318011        1.1258038550459908     
   1.7500000000000000       -1.3822945799474309        2.1023509131137819E-004
   1.8750000000000000       -1.2225852862655742       -1.8668653376469557     
   2.0000000000000000       0.65874588585202387        5.0146800164723748     
   2.1250000000000000      -0.32477848750246041        1.2154786019367019     
   2.2500000000000000       -1.2542738289625706       0.38999815934780413     
   2.3750000000000000       -1.4183617415826861       -1.2432863212100891     
   2.5000000000000000        16.257295846972877        24.845198640885290     
   2.6250000000000000        7.7429596750490104E-003   1.1390950936873900     
   2.7500000000000000       -1.0182980914572670       0.69970171059441921     
   2.8750000000000000       -1.5106334296143751      -0.70720786976896066     
   3.0000000000000000        3.9784559826514437E-002  -13.296232606045953     
   3.1250000000000000       0.20745111938400718       0.69375660828168328     
   3.2500000000000000      -0.71025899949718596       0.89270521448064932     
   3.3750000000000000       -1.4880071725113071      -0.21964591329635383     
   3.5000000000000000       -1.9033189734232701       -3.7961958055331064     
   3.6250000000000000       -6.6952600016756154       -4.4601361508896451     
   3.7500000000000000      -0.37919334848653868       0.94265188730745475     
   3.8750000000000000       -1.3475450112465646       0.20529114593262129     
   4.0000000000000000       -1.8794427239265690       -2.0592103913036466     
   4.1250000000000000        3.2833846158087421        13.333689617612613     
   4.2500000000000000       -8.5253083670229379E-002  0.82677632064081030     
   4.3750000000000000       -1.1043289541458654       0.53639354717897714     
   4.5000000000000000       -1.8253228794731593       -1.1493482321790629     
   4.6250000000000000        11.934522822902332        15.702299696827259     
   4.7500000000000000        8.2736481105755433E-002  0.49144644620824718     
   4.8750000000000000      -0.79190776141198971       0.74253595653200011     
   5.0000000000000000       -1.7154542200329881      -0.49876124188470294     
   5.1250000000000000        38.516193606044531       -177.13484592410964     
   5.2500000000000000      -0.14493900651590386      -0.30791095214890518     
   5.3750000000000000      -0.45859756334696533       0.80184227857633994     
   5.5000000000000000       -1.5231304509995021        9.3009628592647109E-003
   5.6250000000000000       -3.4850748915538752       -4.9655276348177972     
   5.7500000000000000       -4.1453483241957869       -3.5035626361256478     
   5.8750000000000000      -0.16307150565052275       0.70368690213927110     
   6.0000000000000000       -1.2481223933406391       0.38943032069787437     
   6.1250000000000000       -2.6655069081935663       -2.1164851104441498     
   6.2500000000000000        16.580490685780866        55.591057850088447     
   6.3750000000000000        2.4169861027118988E-002  0.44037112594328010     
   6.5000000000000000      -0.91419407961263344       0.62928463640803578     
   6.6250000000000000       -2.2165221348697823      -0.94608332477609247     
   6.7500000000000000        13.377408051669658        13.852952742992915     
   6.8750000000000000       -8.0630801939512997E-003  -2.3811300799728326E-002
   7.0000000000000000      -0.56338355929944794       0.71613501387048517     
   7.1250000000000000       -1.8531030291838437      -0.23722218135156314     
   7.2500000000000000       -28.543658112508769        12.586664337536988     
   7.3750000000000000      -0.58613587172296489      -0.86535610156830867     
   7.5000000000000000      -0.24925074705346240       0.64757417234567327     
   7.6250000000000000       -1.4835481764137000       0.23832161249763290     
   7.7500000000000000       -5.9906263792318208       -6.5008664199828123     
   7.8750000000000000       -4.0948508329943865       -3.0305152170360823     
   8.0000000000000000       -3.1934950135719453E-002  0.43286464308735162     
   8.1250000000000000       -1.0923358745323020       0.53304278726365317     
   8.2500000000000000       -3.5714330714379536       -2.0067828896268072     
   8.3750000000000000       -4.6860734980748449       -40.880106828610572     
   8.5000000000000000        1.8288728472328653E-002   8.5110752439210083E-002
   8.6250000000000000      -0.70158405053936057       0.65837374530912218     
   8.7500000000000000       -2.5608910175279935      -0.63812414100821824     
   8.8750000000000000        16.928122079035905        13.430447685068801     
   9.0000000000000000      -0.21194332776409341      -0.40100069431670848     
   9.1250000000000000      -0.35320988215208715       0.62302116919170647     
   9.2500000000000000       -1.9071280741306664        5.5444800451259491E-002
   9.3750000000000000       -311.27179353107630       -26.509894543028786     
   9.5000000000000000       -1.0415887202995902       -1.1098405324482461     
   9.6250000000000000       -9.7597537511321220E-002  0.44543587191032069     
   9.7500000000000000       -1.3701137389383489       0.44347336906241736     
   9.8750000000000000       -10.386191418188488       -9.2355602192757864     
   10.000000000000000       -4.2013208617155193       -2.3947117288249897     
   10.125000000000000        1.2388007501850651E-002  0.15482628539838378     
   10.250000000000000      -0.89395693657414754       0.61934511972617423     
   10.375000000000000       -4.5934750555248476       -1.7015270182798825     
   10.500000000000000        27.785772088234779       -27.835996431075923     
   10.625000000000000       -8.2932843667167466E-002 -0.21535004035855562     
   10.750000000000000      -0.48650213974656997       0.61880910819617352     
   10.875000000000000       -2.8277339404268766      -0.23939147614640924     
   11.000000000000000        23.600972072173921        14.234014454820928     
   11.125000000000000      -0.48204364583528664      -0.64056686018320219     
   11.250000000000000      -0.18014003859867750       0.47140005725076328     
   11.375000000000000       -1.8669999000882638       0.35177467239653937     
   11.500000000000000        56.140485654420182        6.4373260968557169     
   11.625000000000000       -1.4575167164274376       -1.1252976543518356     
   11.750000000000000       -1.3797216612896512E-002  0.21432645661722202     
   11.875000000000000       -1.1905859978897002       0.60091758993894029     
   12.000000000000000       -21.498218685273059       -18.849040272698286     
   12.125000000000000       -4.2385480847829440       -1.6783982107871984     
   12.250000000000000       -2.5333490734711583E-002 -0.10689912498265633     
   12.375000000000000      -0.67134151865473490       0.63577370966140634     
