   0.0000000000000000       -5.6358844024551047E-005   0.0000000000000000     
   1.2500000000000001E-002  -5.6412054354471053E-005   2.7690739624630753E-007
   2.5000000000000001E-002  -5.6572061111648253E-005   5.5382663836063567E-007
   3.7499999999999999E-002  -5.6840058070495303E-005   8.3074411960049914E-007
   5.0000000000000003E-002  -5.7218043810980390E-005   1.1076718164533924E-006
   6.2500000000000000E-002  -5.7708874256601206E-005   1.3846098406146740E-006
   7.4999999999999997E-002  -5.8316311315476099E-005   1.6615630087383484E-006
   8.7499999999999994E-002  -5.9045101873156369E-005   1.9385323421254993E-006
  0.10000000000000001       -5.9901074093371420E-005   199.99999665001428     
  0.11250000000000000       -6.0891261511208938E-005   2.4925315694698948E-006
  0.12500000000000000       -6.2024054307219245E-005   2.7695677699796105E-006
  0.13750000000000001       -6.3309391943544568E-005   3.0466315933931295E-006
  0.14999999999999999       -6.4759000591330107E-005   3.3237260096958052E-006
  0.16250000000000001       -6.6386688694297646E-005   3.6008538522600472E-006
  0.17499999999999999       -6.8208714560480388E-005   3.8780173310957929E-006
  0.18750000000000000       -7.0244244030792657E-005   4.1552199701341707E-006
  0.20000000000000001       -7.2515928830618748E-005   4.4324635420682696E-006
  0.21249999999999999       -7.5050635182094538E-005   4.7097519515802092E-006
  0.22500000000000001       -7.7880381702311041E-005   4.9870867648338344E-006
  0.23749999999999999       -8.1043536726443932E-005   5.2644710383841391E-006
  0.25000000000000000       -8.4586389034857490E-005   5.5419065734014338E-006
  0.26250000000000001       -8.8565204851676071E-005   5.8193964362384270E-006
  0.27500000000000002       -9.3048985262189632E-005   6.0969425178824719E-006
  0.28749999999999998       -9.8123187162180159E-005   6.3745470259010139E-006
  0.29999999999999999       -1.0389485200601456E-004   6.6522105237322191E-006
  0.31250000000000000       -1.1049977791133259E-004   6.9299350600706248E-006
  0.32500000000000001       -1.1811277718498658E-004   7.2077207032504345E-006
  0.33750000000000002       -1.2696265825251629E-004   7.4855675815023973E-006
  0.34999999999999998       -1.3735471379261455E-004   7.7634737305644099E-006
  0.36249999999999999       -1.4970546334458490E-004   8.0414353693498971E-006
  0.37500000000000000       -1.6459825596459865E-004   8.3194463692057065E-006
  0.38750000000000001       -1.8287593001931057E-004   8.5974959534744785E-006
  0.40000000000000002       -2.0580297772010425E-004   8.8755653155887835E-006
  0.41249999999999998       -2.3536670969059870E-004   9.1536256958317673E-006
  0.42499999999999999       -2.7487958379168731E-004   9.4316213496833124E-006
  0.43750000000000000       -3.3030432955039046E-004   9.7094527085677881E-006
  0.45000000000000001       -4.1356676667003711E-004   9.9869148455208977E-006
  0.46250000000000002       -5.5249427777770421E-004   1.0263527357214395E-005
  0.47499999999999998       -8.3056977494067041E-004   1.0537835396738654E-005
  0.48749999999999999       -1.6652108376709052E-003   1.0802545149374786E-005
  0.50000000000000000        299.99999622403396        5.2564776947631080E-003
  0.51249999999999996        1.6744504017638384E-003   1.1419953385335542E-005
  0.52500000000000002        8.3979711060955253E-004   1.1685084652515240E-005
  0.53749999999999998        5.6168054099581255E-004   1.1960097672055096E-005
  0.55000000000000004        4.2269272705208749E-004   1.2237702891104863E-005
  0.56250000000000000        3.3935186234579362E-004   1.2516441294145008E-005
  0.57499999999999996        2.8383074438309563E-004   1.2795834659102466E-005
  0.58750000000000002        2.4420351189080591E-004   1.3075678678572894E-005
  0.59999999999999998        2.1450730881378277E-004   1.3355875828012274E-005
  0.61250000000000004        1.9142950049566565E-004   1.3636374303526087E-005
  0.62500000000000000        1.7298256012043822E-004   1.3917143998197364E-005
  0.63749999999999996        1.5790174641150401E-004   1.4198171010979102E-005
  0.65000000000000002        1.4534393683307556E-004   1.4479446213117974E-005
  0.66249999999999998        1.3472546506454464E-004   1.4760965551744808E-005
  0.67500000000000004        1.2562945755600907E-004   1.5042729154202186E-005
  0.68750000000000000        1.1775023215854219E-004   1.5324739115480924E-005
  0.69999999999999996        1.1085855219006291E-004   1.5606998425966733E-005
  0.71250000000000002        1.0477913614925782E-004   1.5889512308370741E-005
  0.72499999999999998        9.9375674641688505E-005   1.6172284355874242E-005
  0.73750000000000004        9.4540567444401091E-005   1.6455322796451079E-005
  0.75000000000000000        9.0187750230175112E-005   1.6738632707262154E-005
  0.76249999999999996        8.6247562941732525E-005   1.7022223206735674E-005
  0.77500000000000002        8.2663022839657430E-005   1.7306100646513076E-005
  0.78749999999999998        7.9387065010205760E-005   1.7590274159122399E-005
  0.80000000000000004        7.6380478010396047E-005   1.7874752006954394E-005
  0.81250000000000000        7.3610330249884726E-005   1.8159544142436825E-005
  0.82499999999999996        7.1048764962888811E-005   1.8444659617217998E-005
  0.83750000000000002        6.8672055884011485E-005   1.8730109369270630E-005
  0.84999999999999998        6.6459873042656881E-005   1.9015902513969849E-005
  0.86250000000000004        6.4394692175007151E-005   1.9302051320945383E-005
  0.87500000000000000        6.2461331084229244E-005   1.9588566047436723E-005
  0.88749999999999996        6.0646569090661018E-005   1.9875459601063257E-005
  0.90000000000000002        5.8938840053368580E-005   2.0162745863609598E-005
  0.91249999999999998        5.7327982944777034E-005   2.0450433055777614E-005
  0.92500000000000004        5.5805034737232972E-005   2.0738539057376045E-005
  0.93750000000000000        5.4362052426704111E-005   2.1027074897915500E-005
  0.94999999999999996        5.2991983923611485E-005   2.1316057597670052E-005
  0.96250000000000002        5.1688533824645333E-005   2.1605499614285707E-005
  0.97499999999999998        5.0446078292853969E-005   2.1895419980648829E-005
  0.98750000000000004        4.9259556323288933E-005   2.2185832722539935E-005
   1.0000000000000000        4.8124424594675475E-005   2.2476757152954666E-005
   1.0125000000000000        4.7036588993520922E-005   2.2768208098255353E-005
   1.0249999999999999        4.5992311693776600E-005   2.3060195611428205E-005
   1.0375000000000001        4.4988241704846388E-005   2.3352757022528922E-005
   1.0500000000000000        4.4021305439567726E-005   2.3645902622575534E-005
   1.0625000000000000        4.3088715241612618E-005   2.3939655890314732E-005
   1.0750000000000000        4.2187913547930833E-005   2.4234035670699886E-005
   1.0874999999999999        4.1316567763072243E-005   2.4529066923542976E-005
   1.1000000000000001        4.0472528019641629E-005   2.4824772311882081E-005
   1.1125000000000000        3.9653826779506574E-005   2.5121177355220393E-005
   1.1250000000000000        3.8858647632533660E-005   2.5418308775293812E-005
   1.1375000000000000        3.8085314104208123E-005   2.5716192843531802E-005
   1.1499999999999999        3.7332275283574745E-005   2.6014858325590865E-005
   1.1625000000000001        3.6598094885320620E-005   2.6314334589062679E-005
   1.1750000000000000        3.5881441760921007E-005   2.6614653938051075E-005
   1.1875000000000000        3.5181077262524951E-005   2.6915848009957057E-005
   1.2000000000000000        3.4495847626825338E-005   2.7217951753789590E-005
   1.2124999999999999        3.3824676880733762E-005   2.7521000733308904E-005
   1.2250000000000001        3.3166559211927904E-005   2.7825032051637642E-005
   1.2375000000000000        3.2520553708614841E-005   2.8130086019207894E-005
