  0.12500000000000000        1.8090534275039261E-005   2.8064067090099387E-007
  0.25000000000000000        1.8086308348319591E-005   5.6128548876252437E-007
  0.37500000000000000        1.8079264408665807E-005   8.4193724499057087E-007
  0.50000000000000000        1.8069400753883968E-005   1.1225999460191905E-006
  0.62500000000000000        1.8056715247904975E-005   1.4032774715782379E-006
  0.75000000000000000        1.8041205407826055E-005   1.6839734860143014E-006
  0.87500000000000000        1.8022867769751372E-005   1.9646910230672910E-006
   1.0000000000000000        1.8001698418590451E-005   2.2454349251414444E-006
   1.1250000000000000        1.7977693390403005E-005   2.5262078316809668E-006
   1.2500000000000000        1.7950847152281568E-005   199.99999724150720     
   1.3750000000000000        1.7921153762312514E-005   3.0878572494399514E-006
   1.5000000000000000        1.7888607340310614E-005   3.3687413947749450E-006
   1.6250000000000000        1.7853201028650290E-005   3.6496700879196309E-006
   1.7500000000000000        1.7814926840387102E-005   3.9306472471841154E-006
   1.8750000000000000        1.7773777012397574E-005   4.2116769479750596E-006
   2.0000000000000000        300.00000938148224        4.4927626258775980E-006
   2.1250000000000000        1.7682813601815894E-005   4.7739092105039892E-006
   2.2500000000000000        1.7632980736870252E-005   5.0551196612647107E-006
   2.3750000000000000        1.7580232768210635E-005   5.3363988581450486E-006
   2.5000000000000000        1.7524558514114830E-005   5.6177504049289308E-006
   2.6250000000000000        1.7465945343797529E-005   5.8991787169733057E-006
   2.7500000000000000        1.7404381089658472E-005   6.1806878519212703E-006
   2.8750000000000000        1.7339851363207259E-005   6.4622821129972494E-006
   3.0000000000000000        1.7272343058927220E-005   6.7439663798534656E-006
   3.1250000000000000        1.7201840377456534E-005   7.0257442045374502E-006
   3.2500000000000000        1.7128327804094567E-005   7.3076209785142352E-006
   3.3750000000000000        1.7051789116262484E-005   7.5896003104527279E-006
   3.5000000000000000        1.6972206700938131E-005   7.8716878242986632E-006
   3.6250000000000000        1.6889563517530348E-005   8.1538871893391206E-006
   3.7500000000000000        1.6803839556267519E-005   8.4362046752255512E-006
   3.8750000000000000        1.6715016499802005E-005   8.7186442181426513E-006
   4.0000000000000000        1.6623072834232033E-005   9.0012102985064403E-006
   4.1250000000000000        1.6527988000003546E-005   9.2839091981808194E-006
   4.2500000000000000        1.6429739836620882E-005   9.5667455192622599E-006
   4.3750000000000000        1.6328305398438658E-005   9.8497248637140759E-006
   4.5000000000000000        1.6223660929348682E-005   1.0132852387634028E-005
   4.6250000000000000        1.6115781262815432E-005   1.0416133940343124E-005
   4.7500000000000000        1.6004641266054165E-005   1.0699574871784064E-005
   4.8750000000000000        1.5890213753255722E-005   1.0983181304614761E-005
   5.0000000000000000        1.5772471211317196E-005   1.1266959277782324E-005
   5.1250000000000000        1.5651385369075399E-005   1.1550914491615835E-005
   5.2500000000000000        1.5526925882358711E-005   1.1835053595240968E-005
   5.3750000000000000        1.5399062345711201E-005   1.2119382967999212E-005
   5.5000000000000000        1.5267762753179426E-005   1.2403908738099598E-005
   5.6250000000000000        1.5132994279465350E-005   1.2688638183942217E-005
   5.7500000000000000        1.4994722764338775E-005   1.2973577928451483E-005
   5.8750000000000000        1.4852912435969756E-005   1.3258735404126444E-005
   6.0000000000000000        1.4707526918567027E-005   1.3544118025258476E-005
   6.1250000000000000        1.4558528331320986E-005   1.3829732831327688E-005
   6.2500000000000000        1.4405878351109180E-005   1.4115587626313741E-005
   6.3750000000000000        1.4249534930677044E-005   1.4401690468659424E-005
   6.5000000000000000        1.4089457708532649E-005   1.4688049788954276E-005
   6.6250000000000000        1.3925602488917832E-005   1.4974674166113633E-005
   6.7500000000000000        1.3757924999246995E-005   1.5261571903273452E-005
   6.8750000000000000        1.3586378028840329E-005   1.5548751554258017E-005
   7.0000000000000000        1.3410913681788372E-005   1.5836223424823566E-005
   7.1250000000000000        1.3231484321085674E-005   1.6123996364557813E-005
   7.2500000000000000        1.3048037771579146E-005   1.6412079643600950E-005
   7.3750000000000000        1.2860520528956698E-005   1.6700484772967326E-005
   7.5000000000000000        1.2668878246024917E-005   1.6989221572579582E-005
   7.6250000000000000        1.2473054111783455E-005   1.7278300924843779E-005
   7.7500000000000000        1.2272990168149533E-005   1.7567733192581622E-005
   7.8750000000000000        1.2068625591776794E-005   1.7857532185191168E-005
   8.0000000000000000        1.1859897109278705E-005   1.8147706889483689E-005
   8.1250000000000000        1.1646741596926802E-005   1.8438272046556393E-005
   8.2500000000000000        1.1429091039349970E-005   1.8729239269564167E-005
   8.3750000000000000        1.1206876195934967E-005   1.9020622355026459E-005
   8.5000000000000000        1.0980025923146286E-005   1.9312434473741043E-005
   8.6250000000000000        1.0748465187671030E-005   1.9604690865517325E-005
   8.7500000000000000        1.0512118466809994E-005   1.9897405081515473E-005
   8.8750000000000000        1.0270904693410188E-005   2.0190593207312795E-005
   9.0000000000000000        1.0024743885228560E-005   2.0484271325377959E-005
   9.1250000000000000        9.7735484061445277E-006   2.0778455078975408E-005
   9.2500000000000000        9.5172317968739151E-006   2.1073162405756500E-005
   9.3750000000000000        9.2557015363148309E-006   2.1368410644074174E-005
   9.5000000000000000        8.9888635312895815E-006   2.1664218515397266E-005
   9.6250000000000000        8.7166197277888102E-006   2.1960605048726324E-005
   9.7500000000000000        8.4388679595370775E-006   2.2257590158575845E-005
   9.8750000000000000        8.1555030999602707E-006   2.2555194847256788E-005
   10.000000000000000        7.8664157618923980E-006   2.2853440604023968E-005
   10.125000000000000        7.5714920817482323E-006   2.3152350149591570E-005
   10.250000000000000        7.2706149283341404E-006   2.3451946613901979E-005
   10.375000000000000        6.9636614825618892E-006   2.3752254977417326E-005
   10.500000000000000        6.6505055564825000E-006   2.4053300313192339E-005
   10.625000000000000        6.3310145881345647E-006   2.4355109043868851E-005
   10.750000000000000        6.0050520076515568E-006   2.4657709477691492E-005
   10.875000000000000        5.6724758428217115E-006   2.4961130513987605E-005
   11.000000000000000        5.3331377278809100E-006   2.5265400983916863E-005
   11.125000000000000        4.9868846052625315E-006   2.5570554615499638E-005
   11.250000000000000        4.6335540360153971E-006   2.5876624001553229E-005
   11.375000000000000        4.2729827889331773E-006   2.6183642971461375E-005
   11.500000000000000        3.9049950388836407E-006   2.6491648035907414E-005
   11.625000000000000        3.5294111206951584E-006   2.6800675468431060E-005
   11.750000000000000        3.1460427112328659E-006   2.7110767846973480E-005
   11.875000000000000        2.7546955205792756E-006   2.7421965284558659E-005
   12.000000000000000        2.3551636605390058E-006   2.7734310763304456E-005
   12.125000000000000        1.9472320831326329E-006   2.8047851180863271E-005
   12.250000000000000        1.5306779395096726E-006   2.8362633059965205E-005
   12.375000000000000        1.1052720769733071E-006   2.8678708103432829E-005
