   0.0000000000000000        39.848854515584833        0.0000000000000000     
  0.12500000000000000        41.203611119456369       -2.4712222922677576     
  0.25000000000000000        45.862074723319509       -5.4830279449983985     
  0.37500000000000000        56.404045569822898       -10.059526927530294     
  0.50000000000000000        82.693114065013830       -19.514025497297165     
  0.62500000000000000        201.52549137227714       -58.866639419909447     
  0.75000000000000000       -279.26782470312037        96.737739606339005     
  0.87500000000000000       -74.402985976041492        29.654882645460461     
   1.0000000000000000       -40.799658324475445        18.293555459267303     
   1.1250000000000000       -27.266321232534906        13.513182022972716     
   1.2500000000000000       -20.073831179025301        10.841387385212210     
   1.3750000000000000       -15.671628990919851        9.1157914555064981     
   1.5000000000000000       -12.733599856102956        7.8987646615321054     
   1.6250000000000000       -10.653827754934964        6.9881354042506967     
   1.7500000000000000       -9.1171461225353134        6.2772833037669411     
   1.8750000000000000       -7.9440028116131520        5.7044703912170052     
   2.0000000000000000        192.97504761350379        5.2313650604853308     
   2.1250000000000000       -6.2896717521210519        4.8328444900688226     
   2.2500000000000000       -5.6910874228463602        4.4917153957553895     
   2.3750000000000000       -5.1965561573146726        4.1957880449149956     
   2.5000000000000000       -4.7828026378121091        3.9361622779254377     
   2.6250000000000000       -4.4328221001601813        3.7061763846443267     
   2.7500000000000000       -4.1339303085577539        3.5007370837914009     
   2.8750000000000000       -3.8764935207763127        3.3158780848577325     
   3.0000000000000000       -3.6530780593002077        3.1484608216941257     
   3.1250000000000000       -3.4578668986804444        2.9959664439189662     
   3.2500000000000000       -3.2862508038984477        2.8563480257678471     
   3.3750000000000000       -3.1345363179385699        2.7279234918791557     
   3.5000000000000000       -2.9997336423265595        2.6092966792259227     
   3.6250000000000000       -2.8794001865804804        2.4992982238029167     
   3.7500000000000000       -2.7715235747588922        2.3969406630297234     
   3.8750000000000000       -2.6744330540220282        2.3013838949736956     
   4.0000000000000000       -2.5867316372217708        2.2119082928369398     
   4.1250000000000000       -2.5072435777461450        2.1278935530124108     
   4.2500000000000000       -2.4349733168935637        2.0488018897055302     
   4.3750000000000000       -2.3690731096663007        1.9741645615561034     
   4.5000000000000000       -2.3088172818031030        1.9035709788884441     
   4.6250000000000000       -2.2535816013217262        1.8366598287735312     
   4.7500000000000000       -2.2028266291921463        1.7731117918367776     
   4.8750000000000000       -2.1560841909749606        1.7126435250654934     
   5.0000000000000000       -2.1129463149856265        1.6550026592976856     
   5.1250000000000000       -2.0730561336450917        1.5999636158095949     
   5.2500000000000000       -2.0361003578735506        1.5473240885811443     
   5.3750000000000000       -2.0018030198458865        1.4969020709753371     
   5.5000000000000000       -1.9699202445190178        1.4485333303097510     
   5.6250000000000000       -1.9402358602848180        1.4020692529730405     
   5.7500000000000000       -1.9125576976845977        1.3573749977229288     
   5.8750000000000000       -1.8867144551720902        1.3143279065716686     
   6.0000000000000000       -1.8625530344030634        1.2728161320005447     
   6.1250000000000000       -1.8399362660885621        1.2327374466540215     
   6.2500000000000000       -1.8187409621256478        1.1939982076245885     
   6.3750000000000000       -1.7988562414047413        1.1565124522330108     
   6.5000000000000000       -1.7801820861046980        1.1202011060781012     
   6.6250000000000000       -1.7626280928093365        1.0849912873035783     
   6.7500000000000000       -1.7461123888934211        1.0508156936046231     
   6.8750000000000000       -1.7305606896013073        1.0176120606288670     
   7.0000000000000000       -1.7159054752731406       0.98532268216704588     
   7.1250000000000000       -1.7020852715131640       0.95389398399522207     
   7.2500000000000000       -1.6890440178247155       0.92327614442921768     
   7.3750000000000000       -1.6767305124808827       0.89342275566874052     
   7.5000000000000000       -1.6650979232942911       0.86429052084355795     
   7.6250000000000000       -1.6541033554916296       0.83583898240664634     
   7.7500000000000000       -1.6437074692084244       0.80803027809451811     
   7.8750000000000000       -1.6338741402094428       0.78082892121249881     
   8.0000000000000000       -1.6245701583488648       0.75420160240246370     
   8.1250000000000000       -1.6157649590685961       0.72811701046093802     
   8.2500000000000000       -1.6074303838838488       0.70254567004342894     
   8.3750000000000000       -1.5995404663446946       0.67745979440222071     
   8.5000000000000000       -1.5920712404604416       0.65283315150950494     
   8.6250000000000000       -1.5850005689468487       0.62864094213431143     
   8.7500000000000000       -1.5783079890243636       0.60485968859856820     
   8.8750000000000000       -1.5719745737685691       0.58146713310695364     
   9.0000000000000000       -1.5659828072821314       0.55844214465584507     
   9.1250000000000000       -1.5603164721755267       0.53576463364824733     
   9.2500000000000000       -1.5549605480084514       0.51341547344790139     
   9.3750000000000000       -1.5499011195505279       0.49137642816565480     
   9.5000000000000000       -1.5451252938033211       0.46963008608000906     
   9.6250000000000000       -1.5406211249157247       0.44815979813914925     
   9.7500000000000000       -1.5363775461551330       0.42694962104050704     
   9.8750000000000000       -1.5323843082726860       0.40598426446764885     
   10.000000000000000       -1.5286319235981638       0.38524904207187766     
   10.125000000000000       -1.5251116153486992       0.36472982585091657     
   10.250000000000000       -1.5218152716390940       0.34441300360047333     
   10.375000000000000       -1.5187354037692797       0.32428543914906688     
   10.500000000000000       -1.5158651084100652       0.30433443510940378     
   10.625000000000000       -1.5131980333271673       0.28454769791391538     
   10.750000000000000       -1.5107283463669892       0.26491330490353493     
   10.875000000000000       -1.5084507074045492       0.24541967329065495     
   11.000000000000000       -1.5063602430445233       0.22605553078733048     
   11.125000000000000       -1.5044525238406690       0.20680988775451833     
   11.250000000000000       -1.5027235438527442       0.18767201071095141     
   11.375000000000000       -1.5011697023814690       0.16863139704517233     
   11.500000000000000       -1.4997877877299683       0.14967775081877863     
   11.625000000000000       -1.4985749628625538       0.13080095952273404     
   11.750000000000000       -1.4975287528500436       0.11199107167888803     
   11.875000000000000       -1.4966470340067453        9.3238275165335560E-002
   12.000000000000000       -1.4959280246377538        7.4532876178398211E-002
   12.125000000000000       -1.4953702773198949        5.5865278721401651E-002
   12.250000000000000       -1.4949726726639652        3.7225964527899461E-002
   12.375000000000000       -1.4947344145076811        1.8605473332572297E-002
