   0.0000000000000000       -3.5707533041495765E-005   0.0000000000000000     
   1.2500000000000001E-002  -3.5743006587818371E-005   2.0417755410976910E-007
   2.5000000000000001E-002  -3.5849677765042998E-005   4.0836689223079429E-007
   3.7499999999999999E-002  -3.6028342456084772E-005   6.1256284867574254E-007
   5.0000000000000003E-002  -3.6280332917471014E-005   8.1677728353390268E-007
   6.2500000000000000E-002  -3.6607553219880629E-005   1.0210141553262748E-006
   7.4999999999999997E-002  -3.7012511322043196E-005   1.2252805954039140E-006
   8.7499999999999994E-002  -3.7498371789457252E-005   1.4295812803245615E-006
  0.10000000000000001       -3.8069019448805363E-005   399.99999050290830     
  0.11250000000000000       -3.8729145031446421E-005   1.8383086626716058E-006
  0.12500000000000000       -3.9484340176976218E-005   2.0427478944465412E-006
  0.13750000000000001       -4.0341231971385838E-005   2.2472448221388579E-006
  0.14999999999999999       -4.1307637788090545E-005   2.4518054355405403E-006
  0.16250000000000001       -4.2392763274001766E-005   2.6564357683390163E-006
  0.17499999999999999       -4.3607447234084162E-005   2.8611414018197112E-006
  0.18750000000000000       -4.4964466952901461E-005   3.0659287453001319E-006
  0.20000000000000001       -4.6478923575232756E-005   3.2708032559705258E-006
  0.21249999999999999       -4.8168727915243181E-005   3.4757717386375994E-006
  0.22500000000000001       -5.0055225686573834E-005   3.6808394855402109E-006
  0.23749999999999999       -5.2163995772236404E-005   3.8860128804607417E-006
  0.25000000000000000       -5.4525897425161673E-005   4.0912974730987697E-006
  0.26250000000000001       -5.7178441407845781E-005   4.2966997713040992E-006
  0.27500000000000002       -6.0167628453289268E-005   4.5022254949457413E-006
  0.28749999999999998       -6.3550429866054969E-005   4.7078807448934977E-006
  0.29999999999999999       -6.7398206567759189E-005   4.9136703895030708E-006
  0.31250000000000000       -7.1801490609590957E-005   5.1196006378354986E-006
  0.32500000000000001       -7.6876823607463507E-005   5.3256762517205854E-006
  0.33750000000000002       -8.2776744460222318E-005   5.5319020483050057E-006
  0.34999999999999998       -8.9704781673916045E-005   5.7382819395150862E-006
  0.36249999999999999       -9.7938614823434023E-005   5.9448182489920928E-006
  0.37500000000000000       -1.0786714332722269E-004   6.1515118374919279E-006
  0.38750000000000001       -1.2005225971734035E-004   6.3583612465701051E-006
  0.40000000000000002       -1.3533695831613457E-004   6.5653578793256453E-006
  0.41249999999999998       -1.5504611254479883E-004   6.7724903835615764E-006
  0.42499999999999999       -1.8138802940104171E-004   6.9797252944913891E-006
  0.43750000000000000       -2.1833786002511957E-004   7.1870023009145968E-006
  0.45000000000000001       -2.7384615158743131E-004   7.3941905987414057E-006
  0.46250000000000002       -3.6646449257826674E-004   7.6009758908834487E-006
  0.47499999999999998       -5.5184815743514193E-004   7.8063943632566225E-006
  0.48749999999999999       -1.1082755329838712E-003   8.0055894324477042E-006
  0.50000000000000000        199.99999934771481        3.5051452597719100E-003
  0.51249999999999996        1.1181652930305486E-003   8.4631911245442950E-006
  0.52500000000000002        5.6172976532598007E-004   8.6632325831371029E-006
  0.53749999999999998        3.7631871851639964E-004   8.8700638488904198E-006
  0.55000000000000004        2.8366017561043400E-004   9.0788319486142578E-006
  0.56250000000000000        2.2809959902114763E-004   9.2885714309786189E-006
  0.57499999999999996        1.9108552022406577E-004   9.4989705729472170E-006
  0.58750000000000002        1.6466736471665300E-004   9.7099011427614937E-006
  0.59999999999999998        1.4486989576867337E-004   9.9213061284152151E-006
  0.61250000000000004        1.2948469065565682E-004   1.0133159004848441E-005
  0.62500000000000000        1.1718672939320385E-004   1.0345446706290481E-005
  0.63749999999999996        1.0713285316432675E-004   1.0558169654126467E-005
  0.65000000000000002        9.8760980013379296E-005   1.0771329919532949E-005
  0.66249999999999998        9.1681998598769354E-005   1.0984933477341661E-005
  0.67500000000000004        8.5617993236031253E-005   1.1198990009696567E-005
  0.68750000000000000        8.0365175884722362E-005   1.1413510464173837E-005
  0.69999999999999996        7.5770722293810877E-005   1.1628506425728675E-005
  0.71250000000000002        7.1717777770707869E-005   1.1843991668232006E-005
  0.72499999999999998        6.8115469835872133E-005   1.2059978637394945E-005
  0.73750000000000004        6.4892064752131162E-005   1.2276483865604050E-005
  0.75000000000000000        6.1990186149829540E-005   1.2493521667020285E-005
  0.76249999999999996        5.9363394264488889E-005   1.2711109705513995E-005
  0.77500000000000002        5.6973700400142491E-005   1.2929263948312721E-005
  0.78749999999999998        5.4789728182402797E-005   1.3148002685952203E-005
  0.80000000000000004        5.2785336456473431E-005   1.3367344136581634E-005
  0.81250000000000000        5.0938570795189264E-005   1.3587308036247138E-005
  0.82499999999999996        4.9230860224014350E-005   1.3807913990599143E-005
  0.83750000000000002        4.7646386956312625E-005   1.4029183192740465E-005
  0.84999999999999998        4.6171598110378298E-005   1.4251136478504153E-005
  0.86250000000000004        4.4794810301951316E-005   1.4473796806636211E-005
  0.87500000000000000        4.3505902373563998E-005   1.4697186518931710E-005
  0.88749999999999996        4.2296061085300707E-005   1.4921330438090086E-005
  0.90000000000000002        4.1157573882788512E-005   1.5146256841547285E-005
  0.91249999999999998        4.0083667898871411E-005   1.5371983628818488E-005
  0.92500000000000004        3.9068369385830692E-005   1.5598544561730367E-005
  0.93750000000000000        3.8106380718216926E-005   1.5825965315300566E-005
  0.94999999999999996        3.7193001069857345E-005   1.6054276177134838E-005
  0.96250000000000002        3.6324034017098938E-005   1.6283505734282563E-005
  0.97499999999999998        3.5495729437728940E-005   1.6513687987018551E-005
  0.98750000000000004        3.4704714496847089E-005   1.6744853918669804E-005
   1.0000000000000000        3.3947959235947067E-005   1.6977039520363057E-005
   1.0125000000000000        3.3222734637128326E-005   1.7210278117468545E-005
   1.0249999999999999        3.2526549448519404E-005   1.7444601516071796E-005
   1.0375000000000001        3.1857168694582327E-005   1.7680059839161888E-005
   1.0500000000000000        3.1212543976977258E-005   1.7916687426630863E-005
   1.0625000000000000        3.0590816355591244E-005   1.8154527410504426E-005
   1.0750000000000000        2.9990281159797405E-005   1.8393622086116481E-005
   1.0874999999999999        2.9409383860645733E-005   1.8634018320282989E-005
   1.1000000000000001        2.8846689207107090E-005   1.8875763297954334E-005
   1.1125000000000000        2.8300886960153093E-005   1.9118904947014401E-005
   1.1250000000000000        2.7770767606849489E-005   1.9363499575712894E-005
   1.1375000000000000        2.7255211432208881E-005   1.9609599098883345E-005
   1.1499999999999999        2.6753184747541070E-005   1.9857260690541273E-005
   1.1625000000000001        2.6263729713260631E-005   2.0106544150032698E-005
   1.1750000000000000        2.5785960197977076E-005   2.0357512433164845E-005
   1.1875000000000000        2.5319049750338607E-005   2.0610230233472939E-005
   1.2000000000000000        2.4862229088151722E-005   2.0864766722805798E-005
   1.2124999999999999        2.4414781098824889E-005   2.1121193323864482E-005
   1.2250000000000001        2.3976034924100276E-005   2.1379585065621594E-005
   1.2375000000000000        2.3545363595722790E-005   2.1640021595431826E-005
