  0.12500000000000000        36.979926736508588       -2.6313034941757802     
  0.25000000000000000        41.599406984895126       -5.8065636193983359     
  0.37500000000000000        52.074502684267728       -10.553510496853054     
  0.50000000000000000        78.265724769004819       -20.189603244433780     
  0.62500000000000000        196.96447245058559       -59.740017817118677     
  0.75000000000000000       -284.00543798473933        95.643846637251997     
  0.87500000000000000       -79.370782416218134        28.308969275046877     
   1.0000000000000000       -46.067134524572097        16.651658097302764     
   1.1250000000000000       -32.927452950999950        11.512791342870495     
   1.2500000000000000       -26.261858665352406        8.3908196049443191     
   1.3750000000000000       -22.586506945395588        6.0743378226834599     
   1.5000000000000000       -20.697963277695774        4.0361067777387705     
   1.6250000000000000       -20.242518556765898        1.8903026207446143     
   1.7500000000000000       -21.517951488038953      -0.91538543456410526     
   1.8750000000000000       -26.320336274680248       -5.8783863480518672     
   2.0000000000000000       -46.395087065811275       -21.650371564197947     
   2.1250000000000000        143.57431380387365        115.39424433038454     
   2.2500000000000000        18.061002151814407        23.386223003454017     
   2.3750000000000000        7.1129219994079786        14.737590915560355     
   2.5000000000000000        3.2496722685682258        11.333284292321462     
   2.6250000000000000        1.3691343483252527        9.4472278051921617     
   2.7500000000000000       0.30272619985248261        8.2159509003319044     
   2.8750000000000000      -0.35902617113942625        7.3308643260009969     
   3.0000000000000000      -0.79492044761061553        6.6534131833574239     
   3.1250000000000000       -1.0944964387551610        6.1116970933828885     
   3.2500000000000000       -1.3070186584843131        5.6644361846951554     
   3.3750000000000000       -1.4615215799952936        5.2860870604035233     
   3.5000000000000000       -1.5760395231232620        4.9599029141542035     
   3.6250000000000000       -1.6622483707026530        4.6743875394276033     
   3.7500000000000000       -1.7279655762656458        4.4213483673775080     
   3.8750000000000000       -1.7785726551586842        4.1947634464346768     
   4.0000000000000000       -1.8178618149115664        3.9900896040563407     
   4.1250000000000000       -1.8485591260877479        3.8038225534893302     
   4.2500000000000000       -1.8726582662637172        3.6332073649337113     
   4.3750000000000000       -1.8916393216185539        3.4760421327990625     
   4.5000000000000000       -1.9066156767606066        3.3305413303385287     
   4.6250000000000000       -1.9184347001667623        3.1952385039080720     
   4.7500000000000000       -1.9277480398585756        3.0689155612327004     
   4.8750000000000000       -1.9350615123375570        2.9505504473534190     
   5.0000000000000000       -1.9407710326329262        2.8392777933917377     
   5.1250000000000000       -1.9451888360928891        2.7343588856310479     
   5.2500000000000000       -1.9485628461800146        2.6351584417388270     
   5.3750000000000000       -1.9510911370408233        2.5411264334344308     
   5.5000000000000000       -1.9529328416701790        2.4517837016481359     
   5.6250000000000000       -1.9542164550668557        2.3667104575945981     
   5.7500000000000000       -1.9550462081099294        2.2855370052362254     
   5.8750000000000000       -1.9555069987851150        2.2079361917835905     
   6.0000000000000000       -1.9556682349582624        2.1336172156660989     
   6.1250000000000000       -1.9555868491214357        2.0623205105546667     
   6.2500000000000000       -1.9553096783592745        1.9938134895775030     
   6.3750000000000000       -1.9548753541476263        1.9278869825794949     
   6.5000000000000000       -1.9543158111374563        1.8643522358444451     
   6.6250000000000000       -1.9536574978768364        1.8030383714451068     
   6.7500000000000000       -1.9529223529941888        1.7437902245933445     
   6.8750000000000000       -1.9521285957976129        1.6864664937379545     
   7.0000000000000000       -1.9512913692644305        1.6309381508805227     
   7.1250000000000000       -1.9504232650371578        1.5770870695741912     
   7.2500000000000000       -1.9495347536645133        1.5248048359118684     
   7.3750000000000000       -1.9486345384243775        1.4739917140995136     
   7.5000000000000000       -1.9477298472403159        1.4245557431855034     
   7.6250000000000000       -1.9468266742724127        1.3764119455424531     
   7.7500000000000000       -1.9459299804300145        1.3294816309570976     
   7.8750000000000000       -1.9450438602406539        1.2836917828292413     
   8.0000000000000000       -1.9441716810784453        1.2389745151317146     
   8.1250000000000000       -1.9433161995910018        1.1952665905610469     
   8.2500000000000000       -1.9424796592969589        1.1525089918055829     
   8.3750000000000000       -1.9416638725483515        1.1106465390060931     
   8.5000000000000000       -1.9408702895088383        1.0696275475662886     
   8.6250000000000000       -1.9401000562969546        1.0294035212715360     
   8.7500000000000000       -1.9393540640900309       0.98992887639153171     
   8.8750000000000000       -1.9386329906442061       0.95116069305303608     
   9.0000000000000000       -1.9379373354566676       0.91305849065572064     
   9.1250000000000000       -1.9372674495855093       0.87558402453731388     
   9.2500000000000000       -1.9366235609533207       0.83870110147501553     
   9.3750000000000000       -1.9360057958597749       0.80237541188128148     
   9.5000000000000000       -1.9354141972635790       0.76657437686068064     
   9.6250000000000000       -1.9348487403582721       0.73126700850286142     
   9.7500000000000000       -1.9343093458201022       0.69642378196438548     
   9.8750000000000000       -1.9337958911128212       0.66201651810500861     
   10.000000000000000       -1.9333082201090594       0.62801827554488909     
   10.125000000000000       -1.9328461513032045       0.59440325116688320     
   10.250000000000000       -1.9324094848103774       0.56114668818195523     
   10.375000000000000       -1.9319980083319170       0.52822479097811048     
   10.500000000000000       -1.9316115022492337       0.49561464605334266     
   10.625000000000000       -1.9312497439499763       0.46329414840952227     
   10.750000000000000       -1.9309125115291899       0.43124193283608275     
   10.875000000000000       -1.9305995869237123       0.39943730959573176     
   11.000000000000000       -1.9303107585893748       0.36786020402713648     
   11.125000000000000       -1.9300458237680520       0.33649109966908003     
   11.250000000000000       -1.9298045904049912       0.30531098452766453     
   11.375000000000000       -1.9295868787763306       0.27430130012011539     
   11.500000000000000       -1.9293925228585647       0.24344389299766792     
   11.625000000000000       -1.9292213714766251       0.21272096844643307     
   11.750000000000000       -1.9290732892642195       0.18211504609297416     
   11.875000000000000       -1.9289481574552387       0.15160891715702493     
   12.000000000000000       -1.9288458745325965       0.12118560312335319     
   12.125000000000000       -1.9287663567513984        9.0828315593329198E-002
   12.250000000000000       -1.9287095385500490        6.0520417126879812E-002
   12.375000000000000       -1.9286753728537833        3.0245382831275709E-002
