  0.12500000000000000        1.3685756479863143E-002  0.36726723830922775     
  0.25000000000000000        5.5821550513309504E-002  0.75826826213888499     
  0.37500000000000000       0.13008042280987708        1.2019955726938574     
  0.50000000000000000       0.24371393017199483        1.7405760772056236     
  0.62500000000000000       0.41011079628998348        2.4448663081256541     
  0.75000000000000000       0.65510588752255527        3.4520507991237324     
  0.87500000000000000        1.0352780566670527        5.0764562330403624     
   1.0000000000000000        1.7082257285369984        8.2443298580634448     
   1.1250000000000000        3.3977427913176124        17.413829957830906     
   1.2500000000000000        63.370015064847948        393.96060458034583     
   1.3750000000000000       -2.0848951340590407       -22.355153515873770     
   1.5000000000000000       0.32197477009644992       -11.833473606551660     
   1.6250000000000000        2.0676355491462037       -8.6747614856571769     
   1.7500000000000000        4.7186605238429200       -7.5619550854009718     
   1.8750000000000000        11.717539518823822       -8.2810556123973207     
   2.0000000000000000        190.17585683040460       -53.379056927339001     
   2.1250000000000000       -19.161058371687957       0.88913700948887686     
   2.2500000000000000       -10.397529022558928      -0.96799399250332097     
   2.3750000000000000       -7.6214504625181796       -1.3723399845924154     
   2.5000000000000000       -6.2557468754593080       -1.4738659238000333     
   2.6250000000000000       -5.4428978444784901       -1.4767009421007324     
   2.7500000000000000       -4.9040089477400928       -1.4417541803324383     
   2.8750000000000000       -4.5209969621133723       -1.3919309160021738     
   3.0000000000000000       -4.2351995998578769       -1.3369903012861690     
   3.1250000000000000       -4.0141370848821616       -1.2813757479768471     
   3.2500000000000000       -3.8383535789249663       -1.2271540953934026     
   3.3750000000000000       -3.6954758639202248       -1.1752569788706200     
   3.5000000000000000       -3.5772555680835643       -1.1260509233646725     
   3.6250000000000000       -3.4779809118559371       -1.0796156002700545     
   3.7500000000000000       -3.3935706319247365       -1.0358857715332510     
   3.8750000000000000       -3.3210308022270834      -0.99472594035995487     
   4.0000000000000000       -3.2581154450814589      -0.95597032116141367     
   4.1250000000000000       -3.2031069004734061      -0.91944433470310116     
   4.2500000000000000       -3.1546693461069024      -0.88497601696407746     
   4.3750000000000000       -3.1117485139529011      -0.85240182991406610     
   4.5000000000000000       -3.0735014407869783      -0.82156934020024774     
   4.6250000000000000       -3.0392462499697057      -0.79233814908895051     
   4.7500000000000000       -3.0084255989382527      -0.76457986152677648     
   4.8750000000000000       -2.9805796399762055      -0.73817754731106278     
   5.0000000000000000       -2.9553257248004905      -0.71302495560467971     
   5.1250000000000000       -2.9323429686885074      -0.68902563264458139     
   5.2500000000000000       -2.9113603688133378      -0.66609202720370608     
   5.3750000000000000       -2.8921475575268532      -0.64414462982470044     
   5.5000000000000000       -2.8745075334884200      -0.62311116912361242     
   5.6250000000000000       -2.8582708944111710      -0.60292587516912510     
   5.7500000000000000       -2.8432912219075894      -0.58352881224871633     
   5.8750000000000000       -2.8294413589059753      -0.56486527907741158     
   6.0000000000000000       -2.8166103848261477      -0.54688527224166750     
   6.1250000000000000       -2.8047011408260918      -0.52954300766372087     
   6.2500000000000000       -2.7936281920784727      -0.51279649453458065     
   6.3750000000000000       -2.7833161398264221      -0.49660715627610674     
   6.5000000000000000       -2.7736982153037162      -0.48093949337326047     
   6.6250000000000000       -2.7647151022590002      -0.46576078335194371     
   6.7500000000000000       -2.7563139460017285      -0.45104081361545734     
   6.8750000000000000       -2.7484475155224333      -0.43675164330895089     
   7.0000000000000000       -2.7410734918878168      -0.42286739082215030     
   7.1250000000000000       -2.7341538613675733      -0.40936404389363723     
   7.2500000000000000       -2.7276543958112462      -0.39621928970391784     
   7.3750000000000000       -2.7215442060717354      -0.38341236260403933     
   7.5000000000000000       -2.7157953568280879      -0.37092390744999704     
   7.6250000000000000       -2.7103825332457405      -0.35873585674740860     
   7.7500000000000000       -2.7052827515734608      -0.34683132003286121     
   7.8750000000000000       -2.7004751071069504      -0.33519448411098596     
   8.0000000000000000       -2.6959405540676160      -0.32381052294411483     
   8.1250000000000000       -2.6916617128042009      -0.31266551611689386     
   8.2500000000000000       -2.6876227005018967      -0.30174637494781664     
   8.3750000000000000       -2.6838089821463438      -0.29104077541851048     
   8.5000000000000000       -2.6802072389950649      -0.28053709720034425     
   8.6250000000000000       -2.6768052522696548      -0.27022436811927220     
   8.7500000000000000       -2.6735918000447114      -0.26009221350939637     
   8.8750000000000000       -2.6705565656799761      -0.25013080993423542     
   9.0000000000000000       -2.6676900563390804      -0.24033084285051753     
   9.1250000000000000       -2.6649835303302858      -0.23068346778999338     
   9.2500000000000000       -2.6624289322435688      -0.22118027472858492     
   9.3750000000000000       -2.6600188349214848      -0.21181325532165052     
   9.5000000000000000       -2.6577463874796088      -0.20257477271716984     
   9.6250000000000000       -2.6556052686859459      -0.19345753370377539     
   9.7500000000000000       -2.6535896450918077      -0.18445456297330320     
   9.8750000000000000       -2.6516941333900954      -0.17555917927114240     
   10.000000000000000       -2.6499137665439636      -0.16676497328773010     
   10.125000000000000       -2.6482439632788548      -0.15806578710372354     
   10.250000000000000       -2.6466805006106622      -0.14945569504038425     
   10.375000000000000       -2.6452194890567582      -0.14092898580169178     
   10.500000000000000       -2.6438573503127785      -0.13248014576719835     
   10.625000000000000       -2.6425907971158535      -0.12410384332938074     
   10.750000000000000       -2.6414168151114534      -0.11579491419116927     
   10.875000000000000       -2.6403326465267645      -0.10754834750837317     
   11.000000000000000       -2.6393357754906752       -9.9359272812651445E-002
   11.125000000000000       -2.6384239148576158       -9.1222947630986484E-002
   11.250000000000000       -2.6375949944255375       -8.3134745728479564E-002
   11.375000000000000       -2.6368471504052660       -7.5090145919429196E-002
   11.500000000000000       -2.6361787160706465       -6.7084721367213329E-002
   11.625000000000000       -2.6355882135049402       -5.9114129352748845E-002
   11.750000000000000       -2.6350743463574577       -5.1174101404272254E-002
   11.875000000000000       -2.6346359935495851       -4.3260433796223297E-002
   12.000000000000000       -2.6342722038810598       -3.5368978334549939E-002
   12.125000000000000       -2.6339821914939430       -2.7495633396922486E-002
   12.250000000000000       -2.6337653321404302       -1.9636335180573811E-002
   12.375000000000000       -2.6336211602450779       -1.1787049124619448E-002
   12.500000000000000       -2.6335493667064087       -3.9437614620762874E-003
