   4.0000000000000001E-002   2.9276986871963944     
   8.0000000000000002E-002   3.4378799831475377     
  0.12000000000000000        3.3185786569654554     
  0.16000000000000000        3.0062233780129479     
  0.20000000000000001        2.3754061906983415     
  0.23999999999999999        1.8946498336931064     
  0.28000000000000003        1.3702851371958880     
  0.32000000000000001        1.1377955139677893     
  0.35999999999999999       0.84649824325186340     
  0.40000000000000002       0.69484718752527530     
  0.44000000000000000       0.26191012770932059     
  0.47999999999999998      -0.24427761504582288     
  0.52000000000000002       -1.1444199237991681     
  0.56000000000000005       -2.0778197632677569     
  0.59999999999999998       -3.1861593757237268     
  0.64000000000000001       -3.9697356419077177     
  0.68000000000000005       -4.4954429800100115     
  0.71999999999999997       -4.3006694396717560     
  0.76000000000000001       -3.5815478234920088     
  0.80000000000000004       -2.0978561031419822     
  0.83999999999999997      -0.29176739228307802     
  0.88000000000000000        1.8356502703581423     
  0.92000000000000004        3.6877263113262324     
  0.95999999999999996        5.2056009094581013     
   1.0000000000000000        5.8782542741819075     
   1.0400000000000000        5.8315368942129187     
   1.0800000000000001        4.8339181867498597     
   1.1200000000000001        3.2956929381338056     
   1.1599999999999999        1.2503950451855939     
   1.2000000000000000      -0.73476314083159733     
   1.2400000000000000       -2.5712243198950406     
   1.2800000000000000       -3.7828038564678721     
   1.3200000000000001       -4.4554226793162650     
   1.3600000000000001       -4.3677181510907932     
   1.4000000000000001       -3.8433108952981767     
   1.4399999999999999       -2.8707881185073374     
   1.4800000000000000       -1.8727148214655229     
   1.5200000000000000      -0.85357361993346170     
   1.5600000000000001      -0.13263785459136096     
   1.6000000000000001       0.43009787202659505     
   1.6400000000000001       0.70182192276856015     
   1.6799999999999999       0.95538876345185153     
   1.7200000000000000        1.1469442534525773     
   1.7600000000000000        1.5271333073258906     
   1.8000000000000000        1.9729576665396271     
   1.8400000000000001        2.5772750584323978     
   1.8800000000000001        3.0734851455209582     
   1.9199999999999999        3.4220302376365836     
   1.9600000000000000        3.3246493247284126     
   2.0000000000000000        2.7807981171834624     
   2.0400000000000000        1.6491039764920106     
   2.0800000000000001       0.12468968997718924     
   2.1200000000000001       -1.6944043917797302     
   2.1600000000000001       -3.4348003600891879     
   2.2000000000000002       -4.8784224753129202     
   2.2400000000000002       -5.6723766826978519     
   2.2800000000000002       -5.7144042410067977     
   2.3199999999999998       -4.8923032446103427     
   2.3599999999999999       -3.3740876470500458     
   2.3999999999999999       -1.3400555983649625     
   2.4399999999999999       0.83561646596507588     
   2.4800000000000000        2.8484579409867496     
   2.5200000000000000        4.3541893484819800     
   2.5600000000000001        5.1777031882956885     
   2.6000000000000001        5.2200931900753798     
   2.6400000000000001        4.5683663251389612     
   2.6800000000000002        3.3916196856800460     
   2.7200000000000002        1.9515080118442025     
   2.7600000000000002       0.51015787427369441     
   2.8000000000000003      -0.71437175981068535     
   2.8399999999999999       -1.5783775713054411     
   2.8799999999999999       -2.0626713633444549     
   2.9199999999999999       -2.2097121560526785     
   2.9600000000000000       -2.1670928438916004     
   3.0000000000000000       -2.0471018376804060     
   3.0400000000000000       -1.9959703959091397     
   3.0800000000000001       -2.0237546467872018     
   3.1200000000000001       -2.1433565041883833     
   3.1600000000000001       -2.2074253533859838     
   3.2000000000000002       -2.1295783863196487     
   3.2400000000000002       -1.7214990051628849     
   3.2800000000000002      -0.96360644348766500     
   3.3200000000000003       0.19956444691238973     
   3.3599999999999999        1.5887417828716672     
   3.3999999999999999        3.0717924044437748     
   3.4399999999999999        4.3149617726789353     
   3.4800000000000000        5.1346753452340659     
   3.5200000000000000        5.2451731999781508     
   3.5600000000000001        4.6323043899301224     
   3.6000000000000001        3.2485562469371150     
   3.6400000000000001        1.3600338608969635     
   3.6800000000000002      -0.83741088162487209     
   3.7200000000000002       -2.9059681513259061     
   3.7600000000000002       -4.6050946606257828     
   3.8000000000000003       -5.5751894646290703     
   3.8399999999999999       -5.7755790147912789     
   3.8799999999999999       -5.1140438442178473     
   3.9199999999999999       -3.8401721555558086     
   3.9600000000000000       -2.1054258412175333     
   4.0000000000000000      -0.31640838696494555     
   4.0400000000000000        1.3397392303229014     
   4.0800000000000001        2.5371818691103152     
   4.1200000000000001        3.2643451416174152     
   4.1600000000000001        3.4181990153637996     
   4.2000000000000002        3.2044550266930907     
   4.2400000000000002        2.6835259969568472     
   4.2800000000000002        2.1352436471291543     
   4.3200000000000003        1.5989824416901108     
   4.3600000000000003        1.2480209128662911     
   4.4000000000000004       0.97224402510491315     
   4.4400000000000004       0.79020186162136274     
   4.4800000000000004       0.48710846421420062     
   4.5200000000000005        4.7370387428686635E-002
   4.5600000000000005      -0.68315712399804929     
   4.6000000000000005       -1.5926718181335284     
   4.6399999999999997       -2.6591650176006878     
   4.6799999999999997       -3.6106017696309336     
   4.7199999999999998       -4.3090354833723197     
   4.7599999999999998       -4.4677378226534250     
   4.7999999999999998       -4.0283025341247516     
   4.8399999999999999       -2.8908544524341826     
   4.8799999999999999       -1.2315543283844719     
   4.9199999999999999       0.79206569016216910     
   4.9600000000000000        2.8074787632234641     
   5.0000000000000000        4.5408077007051100     
   5.0400000000000000        5.6419039828277890     
   5.0800000000000001        5.9681392054813953     
   5.1200000000000001        5.4164645556779982     
   5.1600000000000001        4.1252589563390814     
   5.2000000000000002        2.2821922869881353     
   5.2400000000000002       0.23218772728735140     
   5.2800000000000002       -1.7201367110362318     
   5.3200000000000003       -3.2597214215926447     
   5.3600000000000003       -4.2098379967482149     
   5.4000000000000004       -4.4872993163979320     
   5.4400000000000004       -4.1582984074748612     
   5.4800000000000004       -3.3798871511610176     
   5.5200000000000005       -2.3647545596406867     
   5.5600000000000005       -1.3381722518575587     
   5.6000000000000005      -0.45436029551669971     
   5.6399999999999997       0.17939358892062190     
   5.6799999999999997       0.59234706960996120     
   5.7199999999999998       0.83046828199078437     
   5.7599999999999998        1.0491338906170946     
   5.7999999999999998        1.3157813725044738     
   5.8399999999999999        1.7445852015573229     
   5.8799999999999999        2.2670911937307912     
   5.9199999999999999        2.8532511617949621     
   5.9600000000000000        3.2786366419291042     
   6.0000000000000000        3.4404455459530805     
   6.0400000000000000        3.1048041801931419     
   6.0800000000000001        2.2823909582194601     
   6.1200000000000001       0.90812520272455088     
   6.1600000000000001      -0.77025638284504949     
   6.2000000000000002       -2.6154598838212970     
   6.2400000000000002       -4.2131523770287824     
   6.2800000000000002       -5.3875630397501117     
   6.3200000000000003       -5.7815596287381119     
   6.3600000000000003       -5.4154939404031879     
   6.4000000000000004       -4.1820236135794628     
   6.4400000000000004       -2.4031798623342304     
   6.4800000000000004      -0.21460263401435592     
   6.5200000000000005        1.8802792087146574     
   6.5600000000000005        3.7110561295642635     
   6.6000000000000005        4.8449199154183828     
   6.6400000000000006        5.3172512200959243     
   6.6799999999999997        4.9442802551572216     
   6.7199999999999998        4.0455703244173122     
   6.7599999999999998        2.6519233934993465     
   6.7999999999999998        1.2305353631964413     
   6.8399999999999999      -0.17601241071182899     
   6.8799999999999999       -1.1745270671987802     
   6.9199999999999999       -1.8985074852013559     
   6.9600000000000000       -2.1428319148215613     
   7.0000000000000000       -2.2335246618469946     
   7.0400000000000000       -2.0759470936929882     
   7.0800000000000001       -2.0403134249625356     
   7.1200000000000001       -1.9667636574699507     
   7.1600000000000001       -2.1122260562492841     
   7.2000000000000002       -2.1558974983572843     
   7.2400000000000002       -2.2306550046298006     
   7.2800000000000002       -1.9337339346407281     
   7.3200000000000003       -1.4199557221440386     
   7.3600000000000003      -0.38115220565145985     
   7.4000000000000004       0.84827835159077558     
   7.4400000000000004        2.3847447647048168     
   7.4800000000000004        3.7094589803911364     
   7.5200000000000005        4.8395604197993380     
   7.5600000000000005        5.2470918909323636     
   7.6000000000000005        5.0674574441931322     
   7.6400000000000006        3.9758787279548744     
   7.6799999999999997        2.3802670551304494     
   7.7199999999999998       0.21906792769133804     
   7.7599999999999998       -1.8814936255626793     
   7.7999999999999998       -3.8775166927029145     
   7.8399999999999999       -5.1559474163049037     
   7.8799999999999999       -5.8210593592827369     
   7.9199999999999999       -5.4959900023921326     
   7.9600000000000000       -4.5756898161258555     
   8.0000000000000000       -2.9528691379527303     
   8.0400000000000009       -1.2313861035465963     
   8.0800000000000001       0.60358376561169913     
   8.1200000000000010        1.9669384820243907     
   8.1600000000000001        1.0713320608331891E-005
